[RUN #0 100 100]
880 171 131 -185 -624 -197 -916 530 -640 -284 151 -482 66 -107 -743 737 195 -964 606 -410 968 -604 -599 -184 200 -54 273 291 -976 -429 -48 -646 863 -460 -84 959 239 955 458 -902 -235 -428 853 567 -141 -485 -679 212 793 352 526 297 654 -839 -494 351 -19 19 75 34 -480 -122 -363 905 -516 92 831 811 -950 -635 255 -294 462 78 -373 776 -239 -358 -361 -569 236 496 -704 -325 -450 423 -923 543 2 323 413 122 -571 -560 -492 -977 95 635 -209 -192
-444 -940 46 121 -453 471 783 -387 764 472 668 -738 -420 -513 202 334 998 251 -4 291 746 873 -751 -582 -66 -554 -469 -808 -748 937 -405 -652 -667 412 861 -111 -905 -992 274 445 -337 377 338 390 465 300 3 61 -753 -654 54 948 -465 -1 -42 -92 -236 420 767 -296 -921 -173 -336 359 -27 27 568 238 657 358 -531 588 -339 877 -29 78 926 864 193 314 -172 333 -776 -277 -323 624 736 188 356 528 -464 -161 -421 923 -63 317 828 -188 971 -790
175 344 -565 333 926 772 96 -800 846 119 -81 336 -967 33 384 763 -158 374 -136 -34 31 443 920 -131 968 86 -818 -972 859 620 -208 -520 -75 -364 -871 459 20 -874 925 113 -42 584 -676 776 -856 106 -957 -105 45 -32 -29 -50 -421 -638 -593 -846 199 804 122 -116 -844 705 516 -268 794 -872 -703 -381 -883 143 136 888 -27 -881 550 -752 -848 716 231 451 93 810 411 921 542 2 -252 -163 -272 -530 -711 927 -556 769 497 81 439 959 -714 -719
399 138 -737 964 440 -675 -853 546 6 -861 454 648 -852 82 -814 762 -899 472 -285 -761 -375 567 876 -164 39 -260 815 205 -951 404 583 -963 801 540 361 280 706 78 -524 -109 -139 -650 402 -829 967 195 -774 899 580 109 831 894 851 -672 241 -185 -747 714 -518 -975 483 -864 -24 -708 72 -332 703 -568 748 73 -537 180 -878 15 31 -41 -501 -357 -566 739 -499 656 756 553 -633 304 213 -374 -543 -415 -198 -408 -277 -539 -9 681 -548 132 598 -500
-702 -802 385 -699 -155 182 -171 373 294 -282 -283 925 429 770 -264 -292 777 -368 -73 928 -601 -371 -471 -251 -401 425 741 595 -542 53 351 513 768 852 -424 -204 897 493 940 885 -342 227 -650 -564 -764 5 -916 991 -589 -618 466 966 -587 -664 250 -261 -319 -78 452 710 228 278 -255 -660 -257 -620 -963 -747 414 734 -215 527 541 65 -89 784 -409 196 785 -644 36 723 -495 -2 664 550 177 810 559 -594 -688 -853 974 -367 721 491 114 355 581 685
-661 -734 -424 -453 249 222 -202 577 -478 -239 447 -132 507 532 721 4 -720 -503 -47 887 750 814 991 -825 779 -181 716 749 438 80 673 769 -837 746 37 114 128 174 618 -789 59 -144 196 -90 973 -796 345 688 -915 -450 622 227 693 545 -301 -726 602 -590 917 309 -124 -971 -482 164 123 554 -352 818 -15 430 -388 -320 -61 483 -655 417 61 300 533 -76 -821 -717 70 -145 -123 -449 570 -764 44 564 802 17 -50 -881 -700 245 -749 -555 647 405
-49 -836 424 127 487 867 91 -397 -332 256 601 -702 461 -706 -854 -385 68 652 -74 659 -339 -258 13 -333 -893 447 -371 758 944 893 -217 -243 188 546 -835 844 -169 705 -689 300 650 994 177 -358 -751 157 310 -376 772 -192 232 968 665 946 490 -722 -533 -993 87 -911 338 -394 252 721 761 -793 263 -203 150 -53 -17 452 -312 -270 -280 962 36 -360 -30 -374 -399 839 429 524 574 445 -536 348 -752 -929 -952 848 -717 -446 566 -684 890 474 961 -350
-395 -861 679 702 -207 852 508 -523 395 -520 -216 -21 -428 522 949 -335 975 -821 -760 -133 749 -917 232 -129 -478 -470 732 -5 502 346 -933 72 208 -505 -810 635 973 907 -603 -439 -148 -415 139 -680 -800 -421 482 -253 287 -98 134 812 2 398 -31 122 -713 966 415 1 -513 36 858 -988 -473 282 869 121 -544 319 -866 -809 -389 510 -493 358 665 -229 -414 -380 -281 469 385 -886 430 -211 -465 -163 -89 -694 540 97 -10 -232 -819 -699 -377 -731 735 -383
-379 -271 -57 -331 968 -626 -506 431 205 158 -516 887 -102 -969 56 -727 -637 952 -425 630 -594 -424 -681 -878 631 -414 -899 -256 139 -459 -344 -397 441 120 688 -229 62 445 -294 -783 -614 987 -542 291 509 -941 653 955 -589 -751 -335 -610 -493 -964 -457 229 -413 682 -975 -633 929 -489 274 589 -735 -174 -771 -310 281 29 -913 812 -851 -694 -180 -173 -386 992 416 -919 -68 -349 397 961 -894 -410 373 135 -525 140 550 849 608 -314 447 -550 753 419 498 470
337 -907 578 144 -669 356 854 624 761 265 867 476 440 651 286 969 -475 425 796 775 -487 359 -411 205 -317 -710 366 247 924 285 -804 -257 880 -667 234 835 -861 626 -582 26 525 -659 -444 -886 -979 813 -422 316 -700 -583 -640 -129 -808 971 -329 -404 363 -535 764 -182 -968 -975 499 -125 73 340 313 -459 678 328 150 603 751 -122 -424 242 801 -32 818 660 906 612 717 -30 446 350 -327 683 -548 -253 -945 -67 -11 740 905 -756 -917 8 -394 824
862 278 -145 823 586 701 889 -991 202 -364 -347 197 -141 -253 -438 26 946 -588 -386 535 -208 -448 -917 469 -54 -102 141 -266 -663 868 956 79 407 -564 8 131 -236 364 -654 -308 -785 -828 657 -419 -29 -421 -605 -976 845 522 -495 140 148 -527 569 775 258 86 -322 -217 -497 293 913 216 -177 -466 -650 -181 -226 -269 288 245 771 -313 -19 347 998 -934 -975 -338 -924 -301 439 513 -874 251 -619 333 603 -255 237 -812 444 213 481 374 -425 473 834 -738
-295 -515 -426 415 719 -324 544 -129 -557 -141 -451 633 956 -932 -1 -777 -689 79 983 589 193 831 816 637 196 940 628 -337 145 12 877 -190 -794 134 -18 -981 706 389 76 135 700 22 -741 -128 -348 881 -46 792 -390 935 -558 -233 -938 -890 -567 355 750 573 -904 411 -300 945 928 -763 -713 936 -513 228 -202 -940 857 263 -856 -878 331 -916 -559 565 829 763 -25 726 -607 -112 384 -208 340 -86 275 -795 245 -37 393 -990 -651 339 259 -217 496 -48
-528 448 -527 306 -546 406 -305 -130 -423 -40 132 421 554 8 654 -578 657 621 522 66 -30 -391 859 -429 -726 -543 -852 788 -803 -427 -430 876 -552 192 378 -38 -575 695 150 -18 -75 582 -257 -412 -710 63 498 -230 390 -592 163 -554 383 -737 912 -507 -260 -716 299 -699 963 296 -953 445 985 -502 629 -459 -212 344 359 -917 -920 195 -529 -156 -538 -317 -672 779 -786 114 600 255 598 277 797 -990 -97 -326 -376 -161 39 121 -220 -493 291 211 236 100
22 -987 -516 508 895 -687 -931 104 413 -920 507 941 202 656 181 -440 -577 -1000 -976 -435 -778 989 37 417 -117 724 349 -506 434 -975 -999 -79 350 -817 83 -761 61 59 -641 933 647 298 747 -768 -234 -458 464 -456 -718 798 -357 635 306 -922 -593 -927 -750 268 505 111 -187 -95 -509 983 -836 815 796 958 768 -46 267 -429 -90 -807 -221 -258 -176 408 102 786 884 -98 -825 -204 -703 -550 -665 475 -689 422 -345 -356 -247 -433 -181 821 -598 415 -282 -404
-906 -827 858 138 -448 383 -491 198 -925 289 -342 520 -503 276 587 -390 -574 597 -35 447 -726 609 -246 -94 692 395 -111 -238 -777 48 880 459 406 -868 -10 454 990 -480 -304 -260 -456 813 -401 -970 -686 -944 -264 773 -115 -188 -224 313 140 263 -466 274 145 650 -507 123 -929 985 -980 693 222 -8 338 -125 -759 284 278 116 -118 882 600 -730 28 546 690 -468 -182 -367 -88 -479 -298 -569 -159 39 -98 -553 -209 328 -194 286 -193 90 -851 -699 -350 787
-431 351 -347 716 -396 -622 628 -963 803 -186 -335 -981 150 106 350 616 -799 -499 -370 763 -106 -881 -252 -94 -558 -900 910 749 391 -984 717 945 -245 789 259 -45 -432 975 131 -7 -457 -57 389 -911 -798 884 -728 -850 533 935 -424 428 -575 -768 812 430 -831 -868 539 -145 126 -104 917 781 -454 -81 -556 -284 585 -266 151 -356 692 608 -777 -312 -121 -491 122 -679 -758 -910 -687 113 -12 -972 957 838 -156 -613 -275 -631 545 403 57 696 -3 -574 13 -227
-757 76 -80 -213 -391 -402 858 980 422 -253 -818 464 751 -120 -923 -187 -840 -249 716 73 -16 317 -880 -623 516 545 889 -85 46 -601 -563 862 788 460 -762 561 -980 -971 -273 -586 -360 -172 743 8 -297 -954 -171 -151 919 755 -618 -997 -417 295 150 896 806 851 815 117 -25 -754 472 459 -853 161 -861 -638 568 -206 748 789 391 -414 59 244 -326 3 589 72 139 -69 -208 -101 -98 -430 -432 394 -399 822 -109 573 712 91 -794 -74 -808 631 -674 966
823 -775 -458 -356 451 214 926 512 -272 -197 175 -867 19 130 519 90 85 -650 -697 133 84 -990 -659 -367 -419 517 -823 37 -692 159 386 -436 -752 700 -645 182 993 557 -465 898 -401 709 91 -940 747 -883 -291 899 124 -851 716 -680 -173 -82 -4 -648 -794 -541 869 415 -86 166 481 975 -973 -374 731 -463 -663 485 -223 -951 -633 -856 961 -568 -15 275 -668 -904 -258 -850 -112 63 482 110 -270 924 580 311 927 -502 -664 241 685 294 644 -536 254 -63
-670 -66 -798 -393 930 276 507 -628 571 407 103 622 -958 525 251 508 880 828 -317 731 -412 205 -532 26 921 -403 -168 460 -470 353 546 783 -165 -832 -717 471 -828 577 -625 901 695 562 219 -457 -638 926 718 -523 663 198 -209 -211 29 119 -94 952 207 129 -38 -693 852 -492 128 741 -42 445 -280 782 449 -297 666 -113 963 301 490 -912 309 98 -263 -521 383 368 -710 959 439 885 -130 517 -881 -329 25 497 -820 -304 -266 -649 -126 -635 -378 877
-960 768 -84 -872 325 -886 -417 -838 -454 829 -2 -697 616 302 252 -10 -294 -557 366 908 -55 268 -990 -682 470 250 651 45 801 49 760 -849 810 -413 635 920 233 279 -858 -504 240 -646 -636 -604 189 -246 410 181 -506 -811 160 -902 -827 962 272 -99 -87 909 -411 -309 -942 -236 551 -114 311 894 6 -36 480 -369 -615 50 841 959 -541 127 148 335 -42 425 -745 -547 947 561 918 -7 447 868 -149 -614 951 633 692 -566 607 467 -249 -610 814 -335
-794 277 -448 -750 954 475 774 643 -134 -868 936 988 23 541 -309 -169 -767 -577 510 -807 821 -267 -201 450 -947 191 783 237 980 33 -217 -630 -894 -899 -506 -292 687 586 -583 -906 -676 691 545 316 -497 1 861 -244 -887 -51 -318 -864 219 753 215 912 -898 797 -236 214 181 -154 412 595 -939 271 -18 -555 295 -560 -260 891 42 -499 868 -443 769 -242 -373 -290 -346 548 297 -733 653 -982 -341 903 -330 -791 -961 -355 388 811 -481 -35 -579 189 187 -412
107 648 -139 -592 94 703 -917 -329 -790 416 866 -137 606 -374 -765 130 -214 -512 879 552 138 263 871 -461 22 -783 319 179 425 738 121 323 -322 250 862 86 355 727 -648 825 -578 -357 -593 639 -132 302 -327 -768 -283 -176 993 -151 -863 -508 -72 -992 863 404 -906 880 -242 173 -148 482 113 8 191 -910 162 286 -12 -440 333 434 133 955 170 -285 461 -92 512 -654 -943 154 878 -430 -150 -849 -30 132 262 289 -100 142 783 -187 790 -985 49 -907
114 -494 587 804 191 -538 -492 -216 -780 -589 212 428 113 -328 605 203 939 254 -910 99 675 -779 -420 31 63 320 917 -543 250 87 -585 -752 348 643 940 685 -223 618 -125 70 -34 -772 539 -878 -821 -167 462 19 107 -837 -462 -344 899 148 478 -466 -629 91 -954 -834 -738 -876 202 185 -617 -930 -406 427 614 -219 719 -241 961 960 -671 533 -632 -579 766 -416 -353 22 813 -195 -64 331 50 848 35 380 450 -191 76 125 769 -68 783 -805 -685 622
690 -736 -953 884 545 305 -642 -944 171 -364 -330 -931 -100 437 384 841 965 -342 -839 -762 43 -420 990 176 -813 -493 418 320 680 270 -405 -400 -805 751 661 -571 365 -871 -49 -309 592 -804 535 -37 -304 502 -711 739 -578 888 -835 -399 -220 758 519 -222 21 -611 810 566 -770 712 421 78 -99 -476 -207 -48 -121 598 -448 51 -369 -764 -954 -572 977 -357 -419 579 -503 -43 -441 354 606 -397 213 239 -433 510 555 -667 -643 902 321 175 682 908 14 -950
997 -940 210 -886 -240 483 -78 914 931 548 870 112 102 -797 -792 349 -84 -779 -463 -277 -38 537 -946 361 -780 12 -67 -337 819 -24 -406 -173 -883 -474 -916 891 754 -926 -187 645 508 -601 626 284 504 515 -208 252 91 933 -669 265 404 -844 377 -912 423 190 471 -962 -672 -996 -887 437 480 -367 144 445 -440 -979 698 -103 36 403 -431 675 206 -579 -352 -529 176 -499 950 -65 -740 -385 -414 585 -693 38 -303 753 4 312 589 -341 -894 749 -853 417
-137 -633 230 -732 -1000 689 -236 -280 -594 408 -317 -606 581 904 645 -767 -304 -478 -477 877 108 -753 -298 -552 -245 154 911 306 616 -410 995 239 -345 112 -395 -254 -949 330 861 -300 217 -931 -406 -234 -919 -936 8 318 -39 832 -593 -853 -625 -671 460 629 198 558 74 -301 637 257 -627 346 -59 634 -60 277 -218 524 -357 -502 840 363 301 348 95 724 580 -608 -959 -845 -57 -923 377 -499 358 465 53 72 705 667 -79 500 320 42 -770 126 697 -106
[RUN #1 5 5]
-687 -425 -21 614 803
551 -748 -348 292 -288
168 629 -722 -63 984
-156 -144 -219 472 -679
99 -792 -748 -497 -457
[RUN #2 4 5]
556 -143 721 -42
-901 352 761 200
-357 -921 -914 -881
-399 981 431 -244
-429 574 414 -947
[RUN #3 3 5]
-346 -874 -980
-687 766 -323
-206 -843 -735
471 503 -936
136 687 -259
[RUN #4 2 5]
-664 701
258 688
212 109
709 968
-681 -363
[RUN #5 10 5]
999 -6 -529 -111 -849 325 -756 594 648 759
0 873 -441 657 -485 -734 -554 -478 661 438
-285 -338 759 957 382 -773 -108 909 859 -373
-768 -813 845 -739 -426 -779 -796 -883 -832 903
431 -194 -758 676 210 -391 867 -125 952 444
[RUN #6 4 10]
-323 991 -666 658
221 -830 -956 323
-990 -559 471 937
319 520 674 -207
12 -134 766 40
143 760 708 49
834 -779 -659 943
844 -701 -638 936
-51 910 936 702
-834 710 -622 307
[RUN #7 4 10]
-717 -801 545 79
-148 -857 -58 -737
829 -864 663 -597
-663 -75 739 -95
565 -236 -686 -185
-918 238 48 -673
-123 717 -820 -474
-116 475 815 828
-255 980 503 -179
-295 241 731 -43
[RUN #8 8 10]
-261 475 161 -403 -844 845 225 -836
[RUN #9 6 10]
-941 192 689 450 -701 953
-403 517 -966 95 -611 -308
[RUN #10 5 3]
-812 -320 -999 -874 -661
-312 51 -557 -926 -508
-797 -17 -900 -556 -667
[RUN #11 6 8]
-594 812 768 -108 871 47
-987 468 316 23 838 322
588 -188 554 70 901 90
-714 56 127 -571 778 201
27 -794 463 -151 984 529
69 903 675 68 -741 -218
-485 -138 696 340 140 168
-811 -404 362 -354 -218 -892
[RUN #12 10 10]
-893 -344 -569 542 -807 -694 -961 -606 30 -42
-445 386 -334 366 586 176 640 -598 793 -663
39 808 973 728 -494 799 342 196 252 326
497 -572 -620 -407 598 903 -820 -140 141 -375
929 -81 946 -116 -490 405 875 -762 833 -317
157 914 184 -757 947 256 -881 361 -812 436
-301 -133 -577 -991 -345 -18 378 -858 331 -737
944 -506 -618 561 164 148 -867 935 -236 447
568 -506 -789 821 894 -251 -657 -25 -364 -522
682 -512 -373 397 977 314 282 83 197 -242
[RUN #13 5 5]
-951 -468 621 -638 -760
294 -610 -438 600 62
871 -363 -103 609 487
-136 622 503 995 -122
791 -211 948 244 981
[RUN #14 6 6]
451 -650 715 -83 -105 -335
-9 -683 25 -924 2 -486
998 335 -504 -523 -940 -112
867 351 923 190 -854 609
880 53 -162 413 677 665
-47 50 -550 342 -190 -643
[RUN #15 6 6]
-693 818 587 172 789 -988
823 92 393 -951 -716 106
-774 -915 -276 695 -615 -169
-310 -761 845 174 968 999
-67 549 -425 266 560 -722
-486 -514 -793 801 -402 11
[RUN #16 6 8]
-792 -745 -517 85 347 20
168 -516 -458 348 117 -855
721 -437 922 777 120 -809
-59 -57 -112 327 951 695
-116 -234 -381 119 -403 -457
-920 -364 740 -797 236 -54
473 731 -942 699 -569 -154
-949 32 392 164 694 -544
[RUN #17 6 8]
-881 -144 -740 190 -95 614
583 983 -418 244 -156 475
-248 75 577 -144 -438 -821
67 -171 -162 180 -551 -711
90 671 -949 -936 97 531
334 155 -530 -906 -305 -41
-788 447 84 997 -790 336
-54 370 -277 532 892 607
[RUN #18 6 10]
741 -136 242 978 -903 970
966 198 266 271 -979 -601
124 147 -781 -759 -239 -496
-486 -385 343 58 -494 175
-257 -711 838 -227 -888 380
-177 831 -285 -747 -931 -841
-18 -976 294 -597 640 437
-533 -602 -208 60 189 427
-181 -379 237 -310 -403 -973
-332 -704 271 -118 -686 -950
[RUN #19 6 10]
23 338 -661 -993 770 665
[RUN #20 50 10]
-466 -683 198 -769 453 -472 -834 -939 -519 -19 609 581 194 -341 474 493 812 -133 983 26 -318 991 -650 397 725 -745 260 -918 223 165 -706 685 -335 308 -688 -822 -573 780 -510 -704 -580 -454 -844 -83 -727 576 376 -855 177 49
441 -871 958 778 62 -511 511 -125 232 185 728 -104 -881 -869 579 -235 -876 -269 204 -717 5 -291 -47 -959 726 -443 -159 940 448 -676 -896 -89 -468 595 31 -891 610 -686 584 -392 273 -381 436 -383 -864 619 932 -28 -693 999
650 365 -18 -675 -218 671 636 505 -394 934 384 -903 904 977 -566 -272 -617 311 -690 83 -440 -391 -12 245 236 354 -89 -362 -994 -534 891 -264 492 580 -79 135 692 -941 281 -721 -335 -977 321 531 983 569 546 992 -100 525
269 553 -893 -871 -407 631 -3 792 -532 -336 41 420 52 394 -583 -937 -901 562 907 952 629 -237 -48 184 -135 3 -140 805 -718 -643 127 -334 425 901 251 -90 1 -294 536 -474 800 288 835 -88 -49 581 -788 577 -840 -208
216 -389 616 -460 361 152 569 227 -689 829 -315 82 -636 390 368 74 174 369 654 566 387 -433 -54 20 295 -263 585 -102 -160 777 311 291 490 264 292 -564 -110 298 -354 -114 -497 -739 491 -158 957 -876 297 105 650 603
-552 -712 972 -550 424 176 306 -656 -561 655 206 -354 47 897 -100 615 52 21 868 407 -260 -877 833 -981 418 531 -357 976 68 209 -784 353 -493 -516 -689 -994 913 975 904 431 547 754 -477 -46 -698 665 -892 -328 -867 358
776 92 -736 728 -465 788 273 753 567 -822 300 -741 -726 -479 -795 -541 882 -45 -115 -450 -298 -259 -187 -26 111 521 186 -183 -60 190 -526 341 -850 -455 974 982 391 -718 -840 -488 -643 -169 -240 41 233 -578 271 361 996 528
537 -970 -287 110 952 -702 -466 828 713 -540 900 -266 -688 -894 -593 332 49 -51 46 -582 -715 -928 516 -367 784 -612 243 -713 -671 665 -335 -534 -571 -286 -548 706 343 663 -988 -444 -819 6 523 126 867 470 -205 977 -449 -678
-965 -162 381 -897 886 962 -229 -194 584 -492 -317 219 837 29 -346 -851 -370 695 -943 -300 -371 745 594 855 -640 914 -566 -628 -574 103 -802 -578 10 -982 -10 412 572 -791 830 -129 499 164 629 267 -798 252 329 -296 -181 -165
-215 -838 103 -697 -617 -752 -832 666 500 -986 -255 843 2 -548 -965 -372 406 41 515 582 -522 -4 -121 -998 434 -740 945 -941 77 176 -224 -932 -728 -948 556 -161 261 -11 96 -392 -892 788 -96 -488 -480 -903 -954 -293 -323 -113
[RUN #21 40 100]
293 -105 890 852 -116 -78 -578 -137 23 833 -561 -585 468 286 -269 -552 -393 -639 -335 123 -924 -138 -878 -595 -314 -734 19 1 135 -554 -689 996 -162 623 -460 -198 -518 673 -725 -818
-938 -395 -833 -984 357 903 -620 -840 -426 -180 791 -220 141 -117 499 867 -885 -84 -949 -760 -690 -157 209 648 337 -666 -47 -878 227 -360 625 -784 -875 -166 222 623 502 676 -655 287
-955 -46 -288 -587 94 -441 -787 -752 -132 -495 -57 508 411 -266 319 -464 760 523 -729 -919 -553 351 -437 -595 -912 382 499 -790 -87 964 -532 633 464 959 -931 -687 325 -853 -841 258
-503 631 430 417 630 706 -2 -325 -295 -781 -47 -989 393 702 462 -413 593 -68 908 667 -296 972 -822 501 -774 -173 -302 315 664 698 377 -519 917 -217 -555 -949 -881 -617 602 85
116 745 598 177 -637 49 109 128 -874 -488 -980 714 472 -557 -167 904 -3 -632 759 -756 762 -867 567 656 517 750 893 -270 393 -840 -793 927 162 792 -892 -13 747 479 -826 -975
665 962 627 -701 436 -155 -204 406 706 526 411 -472 932 980 91 886 674 442 -647 725 305 -566 -610 997 65 573 209 750 -743 938 -132 -271 -60 230 -245 -53 -272 513 -406 461
989 728 75 -174 -828 590 680 -572 -529 -726 -863 534 695 -260 452 -442 -727 -458 469 -849 -924 -938 -567 -178 760 162 -375 -715 -90 -703 271 -856 89 786 322 177 860 -626 574 2
-193 383 415 746 -683 628 863 820 194 -654 548 -725 -432 913 538 718 460 -340 -337 -152 -968 -31 -860 278 223 532 -421 -757 -717 -278 796 756 -983 -343 366 393 -370 -181 -189 456
-843 -318 -344 978 -435 -834 35 687 -797 -283 610 -854 65 -597 -376 -730 331 768 417 138 402 -774 406 413 -960 759 582 177 767 761 791 -112 118 -7 -183 986 487 -372 -646 -789
528 162 -411 777 485 52 -410 374 -219 508 -239 903 759 538 -714 -650 665 -492 136 364 -3 -639 -25 915 -276 656 -903 307 -950 -957 -569 409 298 670 -67 -418 -223 115 -641 616
438 -752 -828 -341 951 -256 -679 217 -83 -249 355 -471 410 -416 -391 548 242 108 -608 685 -287 -344 -812 -774 321 19 553 -882 -997 625 -688 214 921 855 199 -260 936 189 -717 -206
168 -742 323 163 605 347 728 1 182 551 700 930 -346 71 -500 368 741 676 380 -28 627 -788 -325 -501 -564 -4 664 -453 -835 -395 -956 -280 63 -883 -428 195 -334 48 194 405
-812 -331 293 -62 628 992 925 334 -465 -925 -922 -1000 89 -813 -901 130 703 -339 137 235 -959 434 475 890 608 600 85 28 683 433 -914 397 342 -122 771 526 -536 -700 -79 409
411 -160 -225 780 -239 -610 -145 253 142 -60 -543 -490 -268 -936 875 -200 -795 36 570 -325 622 -190 -693 389 309 157 707 330 641 133 80 672 131 264 -151 -385 853 134 -918 -308
-907 623 -634 570 723 165 29 953 74 -180 758 -111 931 935 -84 192 936 145 985 -777 -661 709 -582 430 -75 -651 207 539 -832 911 385 -882 -570 524 157 748 -752 -149 -219 -255
-7 -93 -410 -381 -710 -747 754 132 994 936 381 -853 -734 189 -203 595 -74 401 -921 912 928 355 -399 856 -444 -111 -298 525 -89 -758 742 884 -532 -184 881 810 -835 -728 -448 416
671 206 435 187 -681 -281 -440 -575 842 994 -664 -97 -234 723 473 354 -935 -431 363 -720 -210 -891 995 447 119 931 515 -410 -615 199 858 93 690 470 271 -124 -983 618 978 -944
-32 -727 -692 305 736 -100 703 142 208 567 950 669 -409 867 596 4 -81 697 549 696 64 -332 -50 -280 -983 859 -276 325 -365 -735 924 593 575 -809 -274 -154 -540 -592 -553 -33
-761 -150 -929 7 792 396 -686 10 -292 92 -37 555 -478 -402 674 -363 255 639 -655 -465 -107 -391 896 -231 -277 772 -618 629 202 538 730 -776 -960 -554 262 -609 -156 -556 513 987
943 -822 -867 80 -833 -563 -593 -25 927 999 993 -591 -834 683 639 517 -738 643 -988 -954 -676 470 825 -740 -287 -973 -263 333 -185 -344 265 888 -285 928 82 -648 407 767 110 -2
-215 -937 -418 -945 -888 -120 -280 -229 -208 157 -744 -743 329 -900 -52 -310 687 -218 161 863 385 -807 -530 637 -5 295 -692 -905 -989 622 452 -679 136 -3 321 905 -845 -170 737 359
-420 934 567 749 -70 -680 -402 921 -35 360 -409 -595 -654 -11 -364 711 -997 662 260 -97 945 -396 878 478 -412 -697 534 422 -774 -607 -814 588 26 77 -357 737 -229 40 -939 408
390 633 340 623 -655 -690 468 -683 -228 361 -513 657 598 371 -175 202 -749 556 -150 300 -781 -306 554 161 935 -966 14 126 379 444 -531 102 789 148 -985 -355 844 506 -406 -568
208 999 -200 -982 952 9 -662 929 -206 177 -57 -517 53 420 -566 50 -608 980 -836 -451 -841 433 720 -152 -628 -975 853 -29 -345 -358 449 851 -310 355 972 -820 -377 -515 182 866
502 -18 -138 961 -320 681 854 382 688 -687 -630 694 360 592 -198 302 279 -205 258 998 -438 117 -872 307 -668 477 262 -24 542 579 156 -905 280 883 -722 -586 746 -986 -299 404
847 -330 -522 543 -666 559 -229 -451 -587 -709 -27 651 259 -874 230 268 883 -888 -449 -468 884 881 861 -883 -866 -472 751 -252 777 113 529 965 -178 -656 -439 974 -751 784 -799 804
-20 -412 573 441 -208 -160 13 172 -313 517 655 -859 329 -169 734 -46 954 -326 687 507 -822 988 -548 243 299 -17 -437 -828 -664 -646 -492 -670 -428 -577 683 75 -304 448 -807 925
207 -620 -793 796 553 -698 273 500 388 -221 106 -711 190 -959 109 154 737 729 328 323 -667 451 -240 487 522 96 31 -330 153 -163 -192 -505 -139 -792 412 -791 -91 426 805 423
-917 -377 186 -931 -348 77 879 418 417 153 22 779 791 -696 214 463 729 374 944 605 753 -776 -663 -516 -536 -868 -606 113 -745 918 -909 104 -337 -976 -192 436 464 -284 -8 236
67 808 -781 594 -787 -539 -293 -2 -667 -794 19 498 -258 698 -772 388 -44 -901 -981 223 322 536 -900 301 -442 -717 -376 -525 -129 -922 438 968 -718 140 309 482 937 -566 130 -891
-449 -352 160 903 -574 -785 -773 542 72 -247 -190 359 287 841 -169 -222 319 -368 -21 -806 -44 -616 329 641 649 56 -237 298 480 686 955 159 928 -431 -849 119 373 -524 -809 -493
[RUN #22 20 10]
493 -922 -18 832 -250 -943 154 285 58 -30 -506 -425 737 -661 235 -293 21 421 629 -32
663 530 -370 947 831 -582 132 -360 17 585 628 672 228 -957 634 -239 -978 346 784 -872
905 134 159 984 158 730 -69 320 144 -19 547 916 -270 620 940 -972 949 413 148 968
582 761 207 -25 -689 793 -34 -293 -851 -943 179 -909 696 -537 -800 -559 -652 670 918 -944
51 672 188 -313 473 -30 738 -913 -538 663 -89 -850 395 -55 -921 -88 631 -554 299 722
-929 -627 849 821 670 -403 -852 642 307 972 450 948 -182 -383 -540 96 -357 936 -352 185
-738 995 -890 -392 -469 56 186 218 -468 702 -900 914 622 -878 -12 -574 53 997 -162 -503
371 -685 195 264 531 -991 -758 -511 827 516 -318 -730 962 -557 175 392 -263 718 -197 -517
-21 711 816 -105 -173 -341 630 516 322 842 -260 797 200 -418 147 -860 -426 610 947 940
887 932 -951 544 -364 -500 -100 -283 -25 -671 690 -121 455 613 681 -474 72 169 -676 264
[RUN #23 10 10]
699 5 -524 -464 877 619 61 161 -989 -620
506 -939 -741 449 222 585 828 305 676 507
-989 153 -92 132 64 937 436 4 563 -277
739 -989 -619 938 222 795 152 -988 -207 163
341 812 -445 -365 -7 -449 416 88 -938 381
808 656 280 -549 431 924 -271 535 916 862
289 829 176 274 -238 185 716 -595 771 922
181 -156 570 212 -703 939 -592 754 -771 905
12 436 165 -441 -501 596 624 -849 561 372
226 -885 978 -682 40 974 -585 -138 -152 -180
[RUN #24 3 10]
-64 -743 184
-757 -964 -862
605 -911 684
-999 552 -666
49 876 -237
258 -840 -213
261 48 -53
-736 -711 -766
-783 -732 -254
-68 -289 -16
[RUN #25 3 10]
-341 -736 -321
922 237 252
-407 448 192
-120 -761 -917
847 -376 242
197 -409 -7
210 -640 848
-52 -126 -338
-851 335 7
576 -661 -717
[RUN #26 3 10]
-269 610 971
958 -200 842
-928 -613 -974
-188 479 269
315 497 563
314 268 66
-161 612 -655
194 222 904
-842 307 974
688 233 447
[RUN #27 3 10]
-86 470 -432
9 -150 892
461 683 -199
999 -447 792
-542 763 -353
-883 -581 -144
196 321 -649
-272 -575 -973
843 160 -936
-647 617 -712
[RUN #28 3 10]
439 -919 -544
121 -398 897
457 -193 -998
290 -294 -396
363 -284 787
-238 978 -967
562 -526 -330
332 -473 -545
766 -709 918
47 -833 -710
[RUN #29 3 10]
-951 -365 -373
491 263 190
-331 -515 170
-468 -660 -653
882 -11 -339
-643 801 -789
64 -456 755
273 996 -663
520 -570 960
12 549 -773
[RUN #30 4 10]
-643 -800 -399 -150
454 37 522 -906
-488 310 49 446
-951 905 419 518
294 410 -611 943
373 -818 528 222
-883 978 -121 847
79 945 -190 848
-262 -252 -10 -155
-528 650 295 706
[RUN #31 4 10]
-848 -649 888 -786
-647 -202 -983 857
-177 -511 -597 187
-478 -15 -646 -400
-776 -352 -515 -21
-901 -22 574 698
788 -80 -864 86
585 35 -365 -133
267 -146 -170 -87
514 700 -637 -831
[RUN #32 5 10]
619 844 180 -474 -17
150 -990 83 -89 -41
-539 705 -218 -642 -649
650 -943 951 177 407
43 918 349 -109 -551
-295 -851 908 118 12
603 868 995 4 763
-628 162 90 -994 -382
924 -43 -975 -627 -478
-542 797 169 -839 -899
[RUN #33 5 100]
-802 -824 712 537 931
648 -625 60 396 566
484 365 -479 717 -656
600 415 -138 -992 946
-563 -159 -648 575 -42
-201 604 151 -924 916
-839 -177 -583 -813 109
838 904 550 201 465
-5 -775 -556 -535 185
725 355 861 992 -718
604 864 -341 693 9
860 509 -720 -615 -809
-575 109 261 -285 -859
-161 629 178 47 -296
155 -57 -93 969 542
209 262 -747 -153 644
804 -911 364 327 -408
-880 187 -506 458 -576
-619 638 -906 -251 316
-946 184 -787 294 -672
-250 -459 542 -638 33
800 426 249 603 283
-267 222 82 -548 469
333 538 823 -414 -158
931 -465 624 519 -866
-59 718 849 -246 234
-241 149 -921 -310 989
957 -883 560 -204 -450
-803 245 777 -884 -877
84 -595 -500 962 -311
-6 -572 410 411 -956
-186 608 -263 998 -547
-314 -799 -464 524 374
-120 -50 931 -501 127
-143 686 -843 -815 -571
-220 -798 42 -245 -826
156 869 -256 -662 -108
-151 624 65 -229 987
578 151 351 -335 -585
-868 -229 -485 -404 -833
-902 -842 544 -886 52
-499 724 515 -159 -940
-386 -480 974 736 -335
642 811 -154 -420 -119
-483 -626 47 -953 682
677 -275 -953 39 -753
37 295 923 969 767
-146 -898 -7 -924 -362
-318 -106 -307 693 51
-450 195 51 302 -327
783 -601 112 -479 -699
743 716 -41 42 -994
455 580 -1 -571 33
-842 -454 -808 45 675
-463 560 566 626 658
731 142 990 279 28
578 281 634 -779 250
898 714 893 770 -820
-820 13 930 876 -641
-164 -413 -621 -888 -556
-748 8 -14 567 949
895 -76 -970 182 168
208 882 -106 -914 578
-262 550 -894 -96 -561
-286 22 547 -412 755
391 -275 -226 -366 535
-202 630 940 -956 830
-366 329 906 -767 -726
442 295 -355 637 -570
307 836 -327 -402 883
-185 -662 398 588 -878
732 -905 -656 95 -767
-991 -403 -904 960 -342
-177 -127 -322 143 -574
-862 -210 140 505 -15
-478 -652 204 -426 -241
-37 846 624 21 108
-245 34 -87 -452 -337
10 -783 -45 302 -886
109 767 306 267 296
-837 -1000 52 -753 943
-656 -538 -407 969 -951
971 -656 558 68 990
966 927 464 -192 125
189 964 -191 -187 727
-908 680 44 -640 -887
732 -780 904 -562 131
-135 265 -744 -159 -97
-157 491 732 -7 -252
-256 130 331 258 -176
-438 -167 -996 412 -763
[RUN #34 6 10]
533 -553 -742 709 351 -150
-777 -483 450 566 -858 968
-716 -364 667 -58 418 309
182 711 690 901 720 245
-343 -64 980 -611 -822 798
-721 -826 516 388 -549 59
-642 -362 914 -118 -392 750
311 -186 -71 896 -67 -510
-275 960 -234 -220 -649 -345
263 672 31 -762 896 -739
[RUN #35 5 10]
967 -798 -109 -791 268
784 -978 -933 668 -198
138 -415 909 670 554
844 144 154 -869 510
-771 -569 -936 -938 -916
-98 989 -704 806 920
194 -179 -732 -584 691
802 392 216 933 -192
425 515 869 592 -403
-893 -353 181 -743 -723
[RUN #36 5 10]
-743 333 -516 417 300
-145 -701 397 44 -649
444 -847 259 -711 750
269 -667 -647 -591 9
-51 961 -97 -626 923
-684 994 -221 83 -1
237 98 -180 -917 -961
-444 676 386 204 854
-654 -1 -370 237 878
-387 -358 -807 -964 -490
[RUN #37 10 10]
845 303 310 -278 130 -747 -938 97 -213 -496
184 -116 109 283 783 -865 961 -227 -189 -155
-599 797 718 425 623 -872 475 -540 885 736
831 -191 383 385 922 -302 -223 -998 201 -437
-45 271 335 749 -974 56 42 701 -102 719
-910 436 -546 -258 9 -640 -475 -692 -357 225
888 17 -722 562 -410 -619 258 -803 -508 766
74 419 160 986 -716 346 370 -43 -320 752
-667 -249 242 -125 123 -87 163 -886 642 256
-980 722 930 -890 796 -239 -975 964 115 681
[RUN #38 10 10]
-446 973 -126 -102 -803 922 -730 -499 -649 794
-978 -601 865 730 -446 895 707 -823 74 666
-511 -88 -246 504 486 -379 735 -531 -218 -858
-608 -566 89 548 -105 707 835 668 218 -409
222 -226 175 -34 880 -278 863 206 501 -922
828 -773 -676 -309 -980 443 588 -233 267 -43
348 417 -316 368 -32 -767 787 652 12 733
-171 173 452 -570 869 499 85 -581 -212 651
738 -654 265 466 871 -932 -201 974 -490 400
-739 -731 168 -824 -173 390 410 920 207 971
[RUN #39 7 10]
-492 -461 -355 797 253 -792 746
935 518 -219 174 -455 162 709
-685 -17 -453 116 -245 228 -472
-685 49 -208 -737 -181 960 603
757 961 274 404 -900 517 741
775 -208 691 -582 -463 788 -838
-433 -894 -2 609 -693 891 154
-119 -950 -34 442 549 -836 982
339 134 -360 148 617 470 -558
995 -379 218 -899 937 436 632
[RUN #40 7 10]
277 92 54 201 601 -166 -546
338 -369 -619 -855 328 873 39
-850 -28 133 194 -392 -698 200
124 291 889 382 -780 -825 -75
139 601 -483 666 739 723 117
952 188 303 -97 373 605 -308
250 468 156 702 -548 632 234
363 583 -371 -644 -503 -432 896
-484 -960 -483 460 -151 -870 299
136 -143 90 -230 450 633 -11
[RUN #41 7 10]
-165 694 -539 -815 86 77 105
768 154 -57 161 -32 -249 641
-708 -630 -914 -319 366 729 -126
598 812 177 -883 488 -569 906
838 257 928 -853 -421 -141 -66
-884 997 18 -843 -523 -316 937
351 36 -10 -847 -180 -754 -470
84 829 660 -633 -960 926 -415
-727 810 880 975 -772 107 585
326 404 216 -330 114 955 220
[RUN #42 5 10]
-510 885 -885 740 170
976 -749 -304 701 -835
-666 344 -716 -533 -41
363 -525 286 -626 -956
552 275 -189 657 -584
377 -451 -258 577 498
435 929 801 -255 439
337 679 -84 978 113
233 449 974 536 -575
-851 -406 937 149 -640
[RUN #43 6 10]
-890 -685 244 816 14 -721
797 -642 938 -60 -727 373
-102 164 -426 676 132 702
763 -473 334 843 370 712
876 412 -323 -684 -204 700
838 -201 921 551 -659 -996
892 -59 -763 633 -672 139
517 592 276 -559 58 -7
851 456 -804 -508 379 -459
125 -202 556 -303 955 427
[RUN #44 8 10]
-22 377 -912 -430 -887 -554 373 895
-60 83 -370 773 459 838 -683 -89
-466 -813 584 -339 826 -624 -93 108
-21 -401 -81 492 280 941 -771 -72
752 970 246 528 733 -560 -962 -399
948 415 -48 803 -649 -601 -571 -160
322 433 -275 -584 -427 613 -409 -846
736 -520 857 -406 -1000 -733 -245 -157
-159 717 170 986 -991 -795 680 420
-554 510 -893 -594 -102 -208 -908 98
[RUN #45 100 10]
543 -591 937 993 -683 -236 395 919 246 705 322 296 -145 876 202 380 822 311 676 939 62 734 809 476 -215 530 11 539 825 -958 850 886 -493 523 -281 194 -435 -352 -845 -523 -391 -280 525 -353 -271 472 -760 342 -262 156 -998 -9 -549 -671 461 -88 -754 18 -935 -182 789 455 -714 -540 101 353 -525 848 -197 308 528 -124 -23 -920 580 470 12 960 378 550 -329 -285 -758 -472 -64 -560 427 90 582 -860 -614 469 -108 -749 -545 660 143 7 15 -381
639 -363 526 733 -219 -158 -862 -864 -411 619 768 38 -836 506 327 -735 441 -60 304 178 -419 251 -216 940 -437 261 -486 -365 -142 564 -452 56 50 -714 -456 808 -289 -246 -831 -946 770 52 -457 -415 -820 -696 -734 198 848 493 365 -675 590 -385 907 -824 945 174 -400 -956 616 549 -252 701 -571 231 -339 -310 426 -809 74 343 384 593 911 -177 -218 545 885 -112 -640 868 -114 -381 775 -984 141 106 448 -717 680 499 -801 -228 -567 -137 414 966 963 100
-396 -178 -277 100 415 -157 -204 -386 906 416 -322 578 584 -750 892 985 -705 -988 -92 385 -744 -560 -431 609 -457 572 808 -845 -812 94 855 -599 -855 477 -852 176 223 377 -800 -752 -928 -796 561 618 -794 50 -516 -759 -715 -197 851 842 279 341 472 -950 -692 -691 -859 -333 660 -222 102 -4 448 -283 79 552 -958 697 661 794 863 688 -252 86 -432 43 249 -804 819 796 862 -678 -164 809 670 854 312 758 -609 -101 77 847 374 75 -137 459 -419 -341
819 659 375 553 -684 -960 657 -505 629 -403 -512 922 239 -94 -638 837 495 357 -485 125 356 317 723 -995 62 385 262 248 -652 -706 253 536 707 -497 52 593 24 506 292 256 -753 112 -81 -810 -847 -331 -107 444 120 579 576 879 39 -390 138 -989 -820 583 -319 -271 -975 667 -174 787 662 -283 692 359 -334 -773 -705 -235 -105 -442 978 765 764 -712 269 -289 945 -48 -84 -418 -26 -248 639 -338 758 -258 -851 122 755 585 160 894 -723 -245 -887 -678
-342 750 -271 953 -601 302 941 463 -644 -837 132 -721 -180 85 682 673 141 388 -54 -121 -567 -252 508 964 -225 -87 -156 -943 294 828 26 571 -623 46 -936 -952 -728 925 -906 390 -717 758 793 962 -864 137 369 779 112 -703 866 3 580 770 -477 -557 -540 -667 588 -164 -904 -960 545 467 521 -649 -361 -103 10 -920 608 735 -614 551 540 -627 -845 -515 -972 737 -318 534 698 101 -251 940 -62 258 103 535 -188 771 454 -288 -746 -397 -110 -149 956 432
-556 -226 -744 -12 894 -530 432 -515 -118 297 -577 -675 -349 899 394 392 -872 -580 -941 750 618 -446 806 534 562 650 -581 457 854 951 -412 -657 -798 -224 -299 678 -480 -214 813 815 381 -222 158 -711 -488 88 858 849 -898 -372 583 52 -39 -92 -743 452 -922 -314 -913 53 -56 -225 -431 792 -63 178 896 -232 -305 -109 413 -967 -378 136 -998 820 199 -712 -240 128 -459 -484 106 551 -50 -252 -192 -274 637 -753 -799 -276 176 742 -900 890 933 21 492 56
608 74 -509 709 -705 891 -349 -449 32 -421 986 580 -102 -983 -510 378 -346 59 497 -68 -42 142 -87 799 -21 -861 231 989 508 251 156 453 560 -237 -397 264 475 528 308 360 -271 -855 300 -673 359 -367 190 -11 -461 413 909 -342 581 -549 316 736 675 -538 -741 -816 -723 -321 -309 -283 -46 668 -997 478 -83 -716 954 868 -532 -407 -537 -658 -161 -849 980 735 524 -484 917 953 -536 878 380 462 579 -306 -730 -565 255 -978 -268 881 338 928 404 538
-221 517 792 561 -376 -403 533 -616 -588 477 990 892 -880 -371 -79 -596 254 444 -489 381 103 613 -983 -617 855 -323 303 -894 -401 -93 680 -797 -860 -711 770 720 -466 423 148 -485 318 274 740 -699 -87 -580 -761 494 -959 188 368 945 168 -950 18 655 29 143 227 261 521 857 -35 884 -850 -541 797 -680 -526 392 737 -826 -207 668 461 -364 297 -343 513 729 596 -348 28 974 764 -64 -388 -277 -85 324 631 715 256 58 283 240 -556 242 -763 -341
836 -503 442 855 506 -417 -286 311 -825 -548 497 -218 674 -228 111 146 -400 737 -100 927 -331 780 612 814 -784 -322 -966 -1 296 -117 -332 940 -233 407 600 138 -36 -646 204 -696 -164 -909 -984 -430 -329 -967 -896 492 -310 -624 -129 -683 363 -711 969 513 -933 147 887 561 -292 -208 -158 245 877 -736 163 27 -249 -577 -294 624 -857 -82 -934 -355 392 -862 554 -570 -903 909 -731 130 817 -412 -452 38 -672 -86 123 -274 -448 592 607 -443 -198 176 -476 918
602 807 567 400 -227 -435 1 -379 -595 -843 -312 949 -480 -106 -6 73 -172 637 -700 395 -501 -652 -91 827 -965 18 -641 -924 -128 996 -3 -211 320 323 617 591 53 -769 932 690 389 894 -328 461 196 -69 281 790 -85 -533 360 -732 775 -250 -892 640 -342 67 -259 -479 222 -799 937 671 900 835 407 -743 -957 -935 191 759 826 183 -890 156 -623 409 738 -263 -656 327 860 -488 387 699 783 -133 497 -640 150 -74 307 -631 38 -4 951 -62 -243 597
[RUN #46 100 10]
999 -446 594 405 -81 635 855 -628 768 385 413 -428 683 -218 -933 -800 -48 -46 168 -130 699 -789 -899 55 793 -713 -115 646 -541 938 -138 787 -734 435 -412 504 -85 309 -877 -988 390 -349 -159 -345 -486 -331 -929 -833 -68 567 547 -197 915 456 -251 -806 499 9 -858 -310 39 439 -290 556 -243 -620 -875 25 393 -288 -459 10 -742 359 831 640 -566 416 673 204 384 899 -884 -89 655 897 785 -481 816 232 -773 748 -616 -180 107 688 -272 -876 519 20
-323 -785 774 -461 695 823 296 257 703 -839 -934 -408 -326 -270 405 -939 539 969 -38 300 842 66 154 596 79 -855 318 -52 -777 -66 888 -321 554 -813 -174 364 -413 -418 885 -977 441 326 767 232 -62 229 546 263 358 -359 -622 516 4 -760 -718 -277 -962 -350 870 -139 999 268 368 -843 195 -520 -657 662 -720 327 609 500 -83 422 346 277 -378 -877 60 86 -526 -41 -536 -236 -113 -747 466 344 -246 -667 715 -95 -85 -294 -482 -589 -845 401 584 -424
578 -776 365 661 688 -926 728 -6 -61 -202 975 -165 -983 -964 -96 610 -220 -807 938 -297 -680 826 756 202 455 -885 7 -665 -881 -950 19 228 -744 -586 248 80 -402 -148 -784 -197 -774 673 730 807 -269 -497 104 601 137 462 -221 -721 -634 -26 -907 616 -999 885 -574 -732 -495 -374 576 978 -578 -998 -619 -892 -594 -996 713 -750 -100 86 -611 -224 876 -922 221 680 -230 -50 -745 -49 -118 653 -426 -261 940 -587 -887 -506 -235 -212 691 -11 302 -201 796 -260
849 -325 959 617 -75 891 121 524 729 -514 193 -973 194 -72 -105 -546 318 -575 -680 10 402 925 792 488 644 -867 -940 898 -401 -215 13 -462 362 -112 -188 356 871 -697 697 -437 -355 788 -817 684 361 -526 578 472 541 -632 539 72 -414 -563 508 718 -444 -11 -635 77 -835 -688 940 -871 405 232 421 624 612 241 457 471 -601 187 739 882 641 645 616 538 -730 -252 609 -838 554 -413 -419 -87 281 -124 -52 -151 -374 -212 198 300 58 581 -888 851
609 -98 717 650 912 -131 -538 -452 611 -624 869 -596 80 -731 -737 122 167 -662 -767 805 -9 191 601 558 -636 823 -295 -505 -16 690 790 626 -490 666 983 -122 -782 -368 -112 694 305 849 828 372 112 46 -478 -877 -542 423 -347 -849 -586 950 -843 527 585 -885 446 806 -944 -844 -240 -693 -661 625 -635 227 195 -208 -598 929 865 791 -932 410 -237 365 226 -358 33 904 -714 -994 -918 394 -269 -834 -481 -209 -1 -551 -175 707 360 -956 916 -550 -309 879
184 442 -578 -141 614 770 -117 -883 532 -18 24 -885 407 553 897 -495 765 938 -55 694 648 963 497 316 486 -845 833 505 -482 -447 -500 341 109 233 -917 -112 176 -969 972 -353 512 904 641 923 -239 876 -113 146 -914 106 63 634 -158 789 -323 628 674 -155 242 11 129 603 -114 -411 168 382 -655 -145 -755 172 357 831 435 944 937 -989 692 -168 -327 -782 -99 398 -440 335 -461 747 813 639 618 -74 -152 -718 -283 -243 -180 139 -288 -405 -795 -905
248 -698 916 -274 151 -950 813 915 -810 -536 -859 446 -137 -957 -867 449 819 805 -350 333 163 -677 833 776 -572 157 -735 869 -335 382 205 -158 252 412 -405 -832 144 -271 463 -919 815 985 -4 -739 981 567 -456 859 749 424 -201 266 50 193 575 177 -715 860 -381 -940 -683 -547 -996 -474 -253 393 356 837 -818 365 -671 -891 342 -124 -469 166 616 -720 571 743 408 468 -696 -250 -789 924 -981 -960 54 -396 -584 972 -639 631 -741 -311 533 555 186 -917
-571 362 88 -290 -838 -938 -388 543 -312 594 1 -616 569 -608 530 -125 -473 -712 168 336 -923 -274 -143 139 952 340 19 -637 -940 517 686 212 745 -401 994 332 -652 502 -124 -533 -110 246 613 -251 -267 515 620 277 -229 960 602 3 -171 580 196 935 107 -140 642 867 -381 663 -995 -234 -553 390 -804 140 -978 -775 892 -114 463 203 367 -362 651 -664 -184 -610 186 457 901 855 -900 -548 687 505 -424 -895 188 147 -51 529 643 -806 363 654 91 -513
-362 -271 56 -627 -243 -631 519 -845 -829 -812 762 674 978 -916 -843 -370 970 -901 -221 -310 912 -2 423 763 875 436 -876 215 -466 -806 377 532 188 895 349 606 84 -102 236 -233 114 872 963 -287 354 -940 832 -179 434 -401 -643 -853 317 634 -273 849 638 841 -206 243 -854 -747 701 777 159 -874 -192 775 -73 876 -65 -85 552 630 -436 856 -247 581 -433 962 -309 -668 280 368 -960 -778 399 814 -197 -363 -780 -705 691 -664 -680 698 -110 -650 -865 393
800 336 -120 490 287 152 -292 -923 277 972 -79 947 -740 -904 -640 375 123 968 -993 786 43 60 646 754 -265 918 -996 190 -717 771 685 675 298 124 966 50 260 -807 398 -254 -248 -615 566 -135 302 119 -40 200 -835 794 36 989 848 -668 78 -202 715 -517 -426 -944 -563 191 49 -5 -253 -831 991 826 -960 -940 -319 -792 97 686 -754 -739 -814 26 591 212 881 -702 -905 -322 -560 -382 -492 -604 963 159 -667 -675 211 935 626 -966 -484 632 193 -529
[RUN #47 10 10]
-869 351 -540 -381 613 -303 297 338 -196 -775
421 -82 833 202 -955 258 -34 819 975 65
235 481 -666 -245 756 341 -512 -109 -118 -729
-39 -16 345 998 -143 -336 -300 492 243 362
936 -863 710 -932 -211 -624 -411 -446 -113 240
886 -9 403 371 461 890 527 -354 119 -165
-614 944 648 -663 690 953 -991 -961 -132 818
-919 933 986 -196 -198 -310 462 -784 -961 -678
-73 -202 -661 469 492 -492 -711 581 -60 -625
-465 378 -754 -781 76 -926 -800 -414 -656 668
[RUN #48 10 10]
-57 686 -883 -121 912 -320 672 70 411 962
996 288 -496 399 697 617 159 -856 469 -155
765 187 621 -759 -879 -841 -674 -821 -476 -51
-604 -259 346 -688 992 -198 260 15 799 654
[RUN #49 10 10]
652 -261 318 -785 398 -927 734 123 -145 338
-52 601 -143 -554 729 -258 618 -124 -948 911
-73 -537 251 491 562 981 758 662 -582 666
-812 -9 15 576 -663 -720 -394 -577 318 -14
585 913 -414 -396 -190 -620 -77 -914 896 -355
-474 501 -899 -89 -461 299 869 -729 -811 -719
-282 740 -161 751 -742 485 -492 409 -408 -302
-383 834 807 166 661 761 -816 -525 -661 -865
528 -45 639 -787 -102 620 186 -335 -534 899
-558 591 -604 83 -859 380 -837 440 -480 -129
[RUN #50 10 10]
843 -452 792 610 907 -815 927 -352 966 -831
236 39 122 466 -711 594 -819 -773 320 602
650 -883 -613 457 99 791 -866 -787 -206 904
53 -611 -394 -72 -971 641 6 -831 765 525
-74 262 -862 842 191 -45 -92 77 -352 -944
875 -412 -437 -568 -617 -360 862 -814 -217 158
-793 -546 -897 532 -136 272 412 -884 267 967
65 415 560 -341 538 -862 -234 433 -596 -854
-709 -274 534 298 794 -955 316 908 572 763
900 457 388 911 -288 495 -443 483 770 -217
[RUN #51 10 10]
-447 -125 121 -97 -233 101 -459 608 -173 137
-725 725 570 -816 -880 983 -233 715 622 615
716 -699 951 652 -379 109 115 -304 952 -869
-544 -962 -385 929 635 -433 -661 411 -284 444
448 41 1 188 216 -513 -264 106 -667 -657
959 720 -60 -784 -372 416 -250 141 -85 608
295 -374 -402 -663 -929 779 -899 23 -207 766
-748 -536 387 581 422 720 427 706 -448 -693
-620 -501 948 123 496 7 -51 -333 -48 -487
-293 892 148 -227 -250 19 581 877 245 -750
[RUN #52 10 10]
-2 -710 801 -829 474 658 -581 882 656 -774
-626 964 135 -13 -452 -361 123 644 303 -93
277 -230 -885 -769 -796 807 49 54 955 169
-969 -862 -924 -759 312 418 697 806 802 742
465 -496 -20 -224 686 354 924 439 -925 418
-690 -929 945 37 106 -736 717 -149 133 -121
497 755 -113 -430 74 -683 -224 295 687 -540
295 -366 611 678 -65 -302 -548 -776 131 -916
167 -316 545 260 -484 -941 -541 -498 -153 -162
-616 -211 -976 -348 124 -527 10 861 -600 -526
[RUN #53 10 10]
336 -437 848 -180 423 -715 79 581 -399 -947
770 536 754 -178 -325 717 130 745 -21 257
555 -236 -886 502 -143 -423 -312 -452 -938 -14
-495 224 -778 -109 637 -324 954 962 -970 888
760 -580 -139 321 -544 818 -912 673 605 380
-924 -465 463 -147 -578 -805 499 -814 575 31
486 900 -463 -150 358 431 987 187 332 -837
-989 -496 697 407 858 944 -133 108 -207 860
277 -624 -914 18 886 861 -457 -385 -345 307
427 -398 -454 -177 -919 -157 -995 67 478 637
[RUN #54 10 10]
-41 -73 590 -461 960 -48 -161 159 -652 -368
-486 -963 -211 220 -319 242 155 -816 318 912
576 -160 140 -227 -771 -663 176 587 644 -464
967 80 -518 -593 -664 -748 -915 764 -32 -559
-153 -823 -481 333 -20 221 3 -865 378 -703
379 -963 451 -299 -672 22 839 -488 825 173
-580 257 199 448 447 -154 938 -737 -2 -629
27 132 430 -745 77 -253 421 -753 -902 765
-721 687 735 -449 -537 210 -570 626 471 254
971 108 812 463 338 805 465 -85 -204 19
[RUN #55 10 10]
-335 -349 -360 -539 302 490 223 709 25 -678
-512 270 -363 -762 -801 -835 864 -813 -694 -593
96 -810 6 409 571 -676 267 957 724 -433
308 579 22 -849 -303 816 -840 945 98 -655
-755 -447 758 486 -933 762 -766 382 3 -328
-494 -91 -752 -875 -200 -664 -333 972 584 239
308 568 983 -999 -716 241 -373 -593 190 258
-57 -277 -591 -11 -558 320 683 980 774 352
800 509 -95 681 852 -317 768 709 454 878
805 697 153 935 -257 806 862 969 -835 784
[RUN #56 10 10]
157 61 -497 -538 488 -557 -754 -315 756 -263
616 -267 6 -858 -221 748 614 -707 -813 497
-631 346 740 -411 -703 252 -577 451 981 568
-638 958 413 932 818 -723 -936 928 876 294
-360 -269 562 -359 266 286 663 -404 -318 325
586 -526 -649 657 -789 899 -120 758 767 -723
[RUN #57 10 10]
-942 557 -709 507 -567 -448 -455 429 -732 280
-77 146 632 -107 113 -392 964 -248 -553 706
869 926 -886 226 -448 -303 -994 14 212 -340
-107 573 626 -30 -821 -763 -844 505 827 868
-180 5 348 -440 -512 -373 466 982 903 703
[RUN #58 10 10]
-548 531 788 -884 -522 -329 370 591 618 429
[RUN #59 10 10]
-730 -525 -498 -549 -635 -706 -670 876 96 -155
105 148 -413 368 -626 -11 -139 -526 -918 -900
-253 479 -474 -753 -619 248 474 487 867 342
-824 220 -691 365 -636 175 -736 -904 -591 571
-388 -430 208 -798 224 529 307 274 -387 114
-696 701 -594 337 -87 271 -960 344 -181 -316
643 475 -651 205 413 51 650 -714 -771 -194
344 168 178 -435 643 -200 705 227 -195 950
-509 -658 235 538 -624 145 709 430 934 695
-471 -316 922 -448 220 -948 440 -277 -247 102
[RUN #60 10 10]
357 -732 50 -661 -331 747 413 -770 249 -704
969 636 -759 -440 782 -532 165 139 -41 190
824 -57 604 231 -915 -607 -481 -571 -557 -635
965 -351 393 341 424 954 747 -900 -77 124
199 645 -699 459 -57 828 -138 -365 253 9
-548 -805 -860 -104 259 -223 -447 -113 83 997
-811 530 634 -441 -981 547 -585 623 455 -409
478 -806 -766 -759 -608 550 923 -133 -318 -38
-753 -707 777 806 -916 11 751 -70 -39 105
467 737 -268 143 -696 889 -786 607 261 723
[RUN #61 500 1]
594 -899 761 658 311 71 999 -833 -437 793 -844 -677 388 353 -923 -182 185 315 9 -546 -739 -526 324 -547 126 -227 -791 408 238 223 -419 21 -816 940 -150 -539 -49 -766 -607 -997 1 613 979 -872 965 -95 -26 -274 398 99 -59 -981 732 3 561 326 -395 144 735 824 665 118 -860 902 -782 23 -534 673 -882 -134 -723 -570 726 -855 -682 181 375 762 -444 679 536 480 -744 123 246 260 -943 607 161 -490 -777 -574 -138 638 -319 -157 752 985 -146 -829 462 796 -364 727 365 356 354 873 -468 666 -971 55 -9 745 -556 509 -518 787 611 -200 224 -472 291 -883 -500 -564 -617 317 15 221 -808 549 -835 -830 -266 508 848 649 -445 147 528 -443 532 914 -218 686 540 -459 5 -327 524 -81 840 -706 -753 541 851 305 587 157 -194 994 593 344 208 -285 -217 -669 -749 -301 -697 62 109 -513 -159 -768 276 167 39 -411 373 -525 935 861 -900 459 -483 689 438 -199 385 263 -318 -316 -164 -935 334 -435 522 322 608 737 920 170 912 494 630 -14 114 -79 426 -765 440 376 -605 -491 928 -927 351 476 885 -505 -355 290 -479 -175 941 -867 -743 758 136 729 304 -863 -781 234 701 -370 685 384 303 -653 265 765 90 282 736 345 -613 -93 222 -975 -232 255 -493 669 637 378 -371 -817 403 -962 -156 79 -938 684 -242 302 -687 -573 -404 871 918 25 166 -568 8 626 -720 798 534 -511 405 -527 -129 -433 813 -947 162 -671 -532 -185 -522 -287 -170 469 -163 106 -907 -565 187 -558 -507 616 784 380 -142 705 397 360 -141 -676 13 271 489 984 791 84 313 98 -949 -92 -431 514 -296 197 -492 194 230 -398 -953 64 -984 49 -284 983 -750 722 -420 -409 749 -162 555 286 -889 -794 88 237 -773 887 443 603 -903 753 -837 453 -896 0 184 -215 396 -652 316 877 -504 -457 268 -925 -976 -691 660 -861 -228 -105 211 -112 675 460 -980 -442 -712 -824 -330 -594 980 -948 672 -326 -501 -960 -832 682 668 355 -967 -487 815 179 139 562 955 -38 319 -566 44 437 730 -646 913 -389 529 -248 628 -151 571 888 -128 -174 954 -651 601 -305 -625 -650 -616 -205 217 -243 -520 229 -540 -415 -61 358 582 -668 82 -928 -982 -741 880 828 -84 915 789 -755 -488 838 -664 -759 -704 972 -904 -421 -154 -2 -502 647 567 -83 -957 -512 270 -69 -23 201 -563 -633 -775 -329 -535 -667 523 70 -585 882 -104 371 31 321 125 -666 429 667 802 879 -407 93 807 -555 992 -452 -24 -721 -340 367 -732 359 518 -965
[RUN #62 500 1]
-580 -119 -893 32 636 488 -803 918 233 864 819 697 -434 4 -798 338 -236 108 -931 -72 -398 -852 -161 -404 770 -347 57 1 714 -875 -876 -359 -959 718 519 436 -380 541 614 -435 -562 954 -453 413 833 51 -522 939 379 978 -186 584 784 279 846 -303 -918 550 719 535 344 807 -470 472 -345 194 -221 -541 -930 -595 987 -624 142 333 -468 -98 517 -986 667 538 -361 -175 -28 372 -775 872 263 -594 901 -424 -987 -528 191 606 467 -101 -106 813 74 -751 -801 59 -555 164 -455 494 787 -214 -947 -376 130 509 -246 -792 -43 -935 938 -77 -343 -105 273 -769 -657 13 -745 -894 -213 250 -171 -2 -488 571 253 -95 -889 -922 -710 -3 206 421 -320 459 -285 276 -81 -969 956 -718 -633 -290 139 -890 -501 -549 -250 983 -371 615 -231 -938 693 631 934 127 168 -976 -433 -585 -916 -761 -240 -814 875 919 722 -299 760 -663 858 -965 -776 808 397 213 325 553 530 -61 24 989 -21 -755 895 -118 -591 993 -341 611 888 -997 -440 -53 -956 -707 -677 585 16 485 430 158 775 -835 365 -429 454 932 226 -117 -234 643 935 45 -25 723 62 202 -588 -675 716 341 844 -337 -812 31 373 759 -864 -885 745 56 967 97 306 917 656 -723 616 366 524 -35 483 239 -592 -135 -820 -282 -475 -534 874 -114 -222 -988 -920 18 -436 851 -687 -904 -158 63 -75 -508 -164 679 754 980 -293 -731 -873 244 91 -654 -589 832 410 751 -628 -274 -207 243 292 877 -503 -172 458 499 779 335 -741 -328 188 -189 -128 911 950 -379 855 741 -517 218 219 -912 -504 653 195 849 583 418 -906 539 -238 -533 -452 -334 11 -983 150 902 28 -606 881 -312 968 -262 -993 -40 124 789 211 -895 898 -239 891 400 -482 890 277 -802 997 -599 -116 38 -373 692 81 -478 371 -1 -511 -445 953 -342 -48 -717 -829 -142 752 -870 809 665 207 -241 249 812 -907 848 -975 913 990 -451 735 232 526 715 -725 -351 549 369 223 -729 -593 -84 -358 -325 417 439 35 657 -277 -249 -756 -228 -365 622 531 -160 -374 -324 520 -924 -622 -994 508 -909 936 136 582 -419 -948 603 -770 -689 540 -691 -789 778 654 -699 -826 20 -923 -472 -553 690 640 655 594 314 515 -154 92 797 952 -733 -766 -497 -902 -89 438 -294 -925 999 -824 -266 52 -33 101 511 870 426 -34 -642 -652 -548 -954 -47 505 353 7 381 937 599 -900 916 482 923 -842 -669 -152 554 -793 444 -636 579 839 317 258 -955 542 289 309 -661 312 311 -865 -704 337 -786 -251 -629
[RUN #63 500 1]
334 -560 -389 103 419 -293 855 -990 -852 523 120 -416 -152 741 606 -703 571 -398 -236 708 -489 563 127 -319 -353 -797 865 673 -219 -56 -917 807 979 -271 255 516 888 631 85 356 27 -159 -369 920 79 729 -300 -472 78 515 715 -620 -978 189 836 -777 596 -874 -977 -876 -687 722 -66 66 -259 830 973 -458 493 -122 -123 170 -445 -267 471 218 -644 740 960 39 453 -263 117 454 -768 16 367 371 110 823 -648 327 985 811 -861 -243 903 -115 64 871 925 -320 692 163 403 -450 -971 435 513 -868 26 -957 -542 950 -155 174 694 456 564 198 -518 -530 105 869 322 -639 309 -847 -844 -216 497 -370 597 -374 -591 -585 -886 -959 -36 15 283 -665 -465 -700 953 -817 372 445 -281 999 530 -1 -913 260 580 -12 195 -175 342 -328 211 733 -396 672 -114 235 159 90 -439 -254 -540 -933 -45 907 -194 553 669 -261 -562 57 -290 42 -645 -209 -531 397 -211 514 101 -986 -282 684 906 -906 -304 -125 -732 995 734 -257 -799 814 -849 -630 111 -470 292 699 -14 -661 301 -698 -538 316 -213 -482 615 495 -769 -325 99 330 927 595 -805 288 902 381 -949 -948 -483 -84 510 853 -41 -298 -576 665 -299 -826 -859 -724 895 -421 -277 739 155 486 462 -779 -359 108 -725 -564 -903 -516 177 -996 -675 -722 -373 668 962 212 -688 -862 261 451 -5 892 -682 -415 -871 951 -314 660 -780 -362 -71 107 732 598 -447 -536 254 9 857 -569 912 -775 -534 710 269 528 -726 601 -499 313 72 -696 -130 746 477 -600 965 439 23 648 841 207 511 -631 -150 -345 502 -821 747 248 -972 -404 295 721 -77 -632 -172 556 168 633 -495 -399 520 249 -539 784 328 -529 -212 -535 -291 966 -595 404 590 -605 113 6 -397 -512 421 -76 534 -232 -455 -714 -672 625 -669 624 -893 837 -602 -653 -407 -230 -830 59 -938 109 539 -667 91 391 -858 459 634 549 -740 525 -88 983 -792 -804 126 -637 447 839 -418 -619 949 377 310 -305 19 -521 -62 883 -882 -642 -491 -900 675 924 500 -660 -228 -363 426 232 -930 -244 861 651 621 791 772 360 -822 707 -778 -856 -514 773 320 -302 988 -156 -679 369 -347 934 239 -573 46 -78 -816 -242 -136 -480 -558 627 73 -640 473 228 -171 21 -2 173 208 -356 74 321 -543 -251 683 -321 -199 -258 644 851 737 -58 518 -578 339 712 -269 -340 -945 789 969 -519 -208 308 -351 472 -27 -702 175 843 -923 153 971 -565 635 -559 798 204 -878 -170 533 202 366 238 -39 -350 -790 -151 -673 210
[RUN #64 500 1]
880 -34 -114 -727 -919 -968 -701 701 856 -956 -236 405 -845 634 725 -137 -940 -869 -828 -198 -325 636 -931 378 226 144 -582 493 -989 -620 -408 46 -535 58 -265 -492 -510 -178 -62 196 -530 -424 383 644 140 37 985 -107 785 732 367 820 283 -452 -55 220 402 459 553 -253 15 -871 664 -992 749 -490 -88 885 537 -929 848 -882 308 -456 -100 121 838 788 955 -26 -247 -736 444 571 -39 502 -391 736 -414 -675 -531 547 123 -368 -888 797 645 -476 705 -508 -558 127 315 30 -633 -700 -517 -870 -176 -903 274 959 387 -918 -435 516 557 375 -877 933 -550 168 -916 -864 199 176 -840 -279 -347 -364 356 -151 138 949 -20 -997 -164 -276 -463 -666 881 -65 231 -971 460 -856 -747 33 -592 -472 -585 162 -238 103 -922 -848 480 -577 -969 777 -87 625 130 -328 -192 -468 766 396 623 59 -51 -533 -116 -289 619 250 -884 -768 372 828 -316 873 -27 521 508 -45 170 898 -524 321 461 778 612 930 -244 353 -99 -572 -742 -48 -750 827 -966 238 -552 -563 -321 -130 810 975 -226 783 -90 953 598 989 65 972 967 99 -411 -949 -757 -298 843 -272 -200 -977 -313 693 425 -554 -95 -478 -498 -52 270 -133 -645 -790 11 824 -689 -779 -303 -652 -551 -654 488 345 -526 468 539 -543 -567 161 -657 -560 -304 948 -473 -242 -446 -566 -58 -549 992 -891 -875 996 -76 306 224 -653 -79 658 -113 332 133 671 63 568 -393 -951 -795 40 487 -372 -78 -458 -647 275 462 -739 319 747 919 359 -520 -600 391 744 28 -322 9 -495 -110 -522 661 -148 -84 483 471 914 -539 -745 390 -160 -634 -655 829 -587 527 348 498 615 148 -683 -46 916 -346 576 -267 976 -773 -814 761 558 -782 718 -866 559 -821 -22 269 632 846 715 336 -85 -748 -985 -602 -537 -741 94 305 -373 -9 905 -721 -760 801 277 -811 -952 -829 25 360 -197 -759 -280 -466 -994 805 729 -447 -223 740 316 467 216 227 999 -431 -915 -936 -19 755 939 503 -506 748 -136 990 -7 -599 -400 -219 198 819 476 595 27 808 179 151 586 470 943 721 849 675 110 -337 -2 333 223 -432 728 -339 205 -445 -6 -502 504 -474 407 451 -488 604 -792 795 -284 -565 453 463 781 544 -312 979 192 -838 -481 -770 -723 44 171 -580 727 -831 56 -822 -593 -56 -150 660 -179 185 909 -370 457 575 -743 707 -145 134 246 447 -514 507 622 376 -955 -663 -227 -681 840 342 -477 -886 -1 702 409 -769 -718 408 -387 -643 -224 282 -318 288 -185 988 -449 921 115 -939 -101
[RUN #65 500 1]
-678 -705 922 -661 968 -924 296 -346 874 65 -663 -473 -198 -307 474 -361 168 -725 -593 415 55 -679 905 -380 -547 992 980 25 348 -108 -396 819 -452 376 -260 850 -351 583 564 -523 734 436 -576 834 365 -787 -898 -558 945 275 28 153 -693 302 -455 533 -821 508 -324 712 -600 -614 866 369 -508 607 460 -453 576 210 -246 -947 -832 199 266 443 -612 702 -189 259 -543 99 -374 57 501 -610 61 173 12 585 109 362 -420 -227 766 -70 560 -667 264 883 -553 599 -823 574 600 331 -481 -192 -983 308 -63 -429 -884 -773 466 -437 -183 353 -283 228 -470 170 -402 -25 719 410 -278 174 472 519 562 -381 -839 -326 -434 180 420 529 -167 -59 788 -6 -948 822 -740 -951 -109 886 -696 -3 375 -475 -931 -674 -235 498 -343 961 -647 -500 458 -691 993 -231 402 -807 -117 -93 549 839 158 -280 -365 551 620 373 176 554 145 -391 283 -827 -653 -692 744 -454 -718 648 -961 23 317 -882 -645 -441 -889 -177 -207 -630 235 -516 -95 -906 -686 270 738 -329 -822 229 114 555 761 -792 -79 185 230 394 -583 573 -57 -8 172 -852 -775 818 306 661 -688 -349 -649 -577 182 703 434 -66 581 -294 728 -302 499 865 470 756 -659 -843 851 -973 -182 932 778 427 699 -826 613 979 -99 330 100 928 -484 -526 33 18 -619 449 -598 448 517 150 15 169 143 -443 678 -761 98 -489 -503 73 546 -587 -72 -194 -252 136 -986 128 -938 952 -39 -648 -987 -922 240 -134 -521 352 -690 468 -779 542 167 88 -689 469 164 964 -138 356 716 -702 267 634 79 319 927 -358 -853 154 -825 -557 -643 884 255 -254 765 -69 299 -262 -965 -47 -528 505 -524 -887 -625 497 -567 482 955 -46 465 -615 753 -428 246 44 846 157 805 -784 -97 843 879 416 863 790 -313 844 81 -7 -71 -611 450 -733 39 -425 809 60 -369 409 -206 757 234 510 -413 704 -410 -595 -137 899 -894 -148 774 -636 715 -400 29 824 835 659 -710 -613 -594 823 419 486 151 -20 726 -892 752 -45 543 -411 -581 705 -532 -700 -384 604 -320 134 -994 906 -477 -264 595 -831 -197 -417 -141 -373 -472 -638 -511 -286 988 506 -289 -501 856 476 -111 -727 507 675 333 337 -815 934 414 -120 -642 -652 56 -180 -94 -865 -804 -485 930 639 -52 -341 811 -422 107 77 -238 159 -372 478 847 -234 496 -791 217 -404 297 220 -701 806 540 -474 -212 745 -621 -573 990 347 -13 332 -768 -311 -335 -16 346 -251 446 -535 812 807 938 119 838 -751 -173 193 -377 640
[RUN #66 500 1]
-709 -601 642 673 421 -278 396 152 988 63 693 225 760 652 -949 -29 -839 -774 792 771 -80 625 -384 829 -959 -460 -890 -536 294 551 -833 -526 667 394 387 -108 -87 203 643 737 -541 -817 -648 124 991 -816 144 -701 -454 162 49 -483 -66 -69 354 535 60 159 -549 347 741 -868 282 -560 -440 762 209 591 452 -338 -616 676 937 176 994 -309 -766 407 495 224 -775 500 653 -290 983 -285 -324 -412 -892 402 -592 -139 136 -46 -519 636 244 524 420 -534 180 494 -216 42 404 -944 -645 715 -852 -386 -264 -539 -427 -296 -657 105 710 -499 125 -74 -234 -505 556 153 -347 -934 913 -658 -843 -453 -712 903 487 245 -109 -232 -894 -884 -493 720 -873 -575 597 -425 -889 -847 372 631 783 -743 -20 -345 -922 -713 -142 297 -599 458 -126 780 -507 -831 -258 156 -38 274 -585 505 533 -863 -67 -417 992 290 -583 -31 -212 -582 -13 247 -262 -488 -945 -818 -815 802 -883 283 -995 637 -301 593 201 381 941 -853 803 -33 -641 -174 668 670 -72 -172 611 456 62 -107 -989 -103 750 686 -423 -865 -491 78 -207 -360 -984 774 373 632 -880 12 -176 334 184 318 346 356 -169 702 -65 -706 971 -968 -348 -380 449 824 -755 -127 -10 -653 848 -303 -860 915 900 -106 457 677 891 951 -820 439 955 106 385 -628 565 80 490 53 473 484 25 -977 751 256 417 842 86 217 -605 -367 108 704 -902 549 -320 -760 423 192 258 170 65 -280 -9 946 -796 -399 -940 -571 -782 698 -626 880 -7 -314 24 488 216 -676 -901 -217 647 36 175 -647 728 -189 849 970 921 -415 -951 2 883 433 -2 -787 200 -245 -967 644 823 403 -341 -455 205 -593 -566 -113 -799 438 -396 88 -819 211 -270 954 -336 -444 791 722 -385 -304 148 -620 -36 -629 -726 592 -481 -179 504 -387 138 361 -473 -623 76 649 251 429 645 -692 932 -997 238 -124 764 384 691 497 -529 -668 560 228 -125 307 475 530 -895 761 -891 -332 581 94 405 -120 1 507 118 -573 986 -772 813 -192 462 -800 -731 29 695 194 -382 894 303 485 116 -323 629 890 -963 -431 934 -27 -365 -141 -822 476 -346 -208 -591 506 54 280 752 -985 19 480 901 634 512 -404 -361 568 -85 -181 443 -509 794 364 177 -898 -521 -84 -54 731 831 511 948 236 362 893 450 249 523 -972 833 548 321 115 -230 406 -946 -267 768 881 18 38 22 268 827 240 809 -848 993 492 -663 925 525 463 -97 -183 -434 -223 782 973 -759 578 939 -298 -461 -646 11 -531 158 712
[RUN #67 500 1]
387 175 -432 -769 358 16 -152 -134 -278 762 188 364 427 -834 849 342 910 -956 449 416 949 -271 -922 846 -38 176 774 680 899 695 217 -504 25 196 898 422 794 397 163 -784 -236 -211 158 604 707 -418 736 618 735 815 885 350 688 -214 -355 -68 198 320 636 852 -577 -924 -997 754 128 -833 -57 617 8 20 403 271 44 -824 -692 -349 862 237 941 867 -361 775 -622 -650 275 -895 -340 -574 -4 -627 948 67 -430 -272 545 637 -905 89 353 847 918 813 742 508 -743 963 -55 47 758 985 81 378 998 757 -229 -178 394 -347 -155 -85 770 962 -845 657 550 -589 557 795 410 -327 79 716 -914 -906 772 -34 730 -139 -690 -127 -755 -960 -853 516 -448 -471 697 -290 162 653 261 -837 789 -115 -108 113 295 -543 -640 -612 -110 -335 253 -45 611 997 673 647 39 313 916 -306 -400 -40 756 114 -980 -184 -316 83 -996 -22 164 -196 -1000 149 -92 558 -991 -65 -220 954 -813 646 82 18 -896 764 -216 121 -357 347 -757 506 13 -595 -768 413 561 845 -593 152 666 923 971 355 928 -878 605 -454 315 -237 583 224 31 610 641 919 -476 -315 -758 -525 467 -25 185 -626 40 -387 433 -253 -502 728 -122 -600 -733 907 -723 592 -88 154 -653 -727 202 -423 -907 -889 268 -365 596 -445 251 913 282 972 -2 -918 5 523 218 -485 738 -421 -944 2 214 12 -793 -762 563 210 -282 -794 -554 778 412 -876 -738 396 -979 -256 -553 -474 840 125 872 -800 -597 178 838 809 -288 -440 868 777 699 177 -82 623 -847 -676 632 -32 492 -435 -591 483 -688 -839 -823 926 877 9 425 -850 450 938 -356 -588 -318 -647 710 -751 -238 -33 -571 -678 -826 274 -871 781 34 -917 -500 -962 243 -304 842 834 32 572 -168 -413 577 -16 151 932 24 -756 248 409 229 -223 -209 -804 -848 -718 -602 388 408 505 -1 567 -190 -372 -495 -810 254 -521 -221 401 337 124 -792 60 0 -835 200 612 -886 -863 -634 -331 -402 -232 220 299 157 -186 -281 182 -501 -276 363 -428 -603 -822 -257 -259 830 -830 318 496 -700 -227 -564 -919 -189 -511 45 -301 -749 -928 569 -548 -609 -590 78 869 624 574 -893 -337 -667 -534 303 -935 -203 374 57 289 64 -832 156 325 -314 -182 921 -96 -126 -812 -586 522 165 559 -740 440 -447 548 -542 6 346 933 304 629 965 -982 874 -949 -362 888 -249 -565 721 -656 197 854 -798 -463 860 -179 -657 -478 -948 -860 -742 -317 -404 857 -219 -951 276 -63 902 170 -599 -60 -788 -659 -531 951
[RUN #68 10 10]
275 -302 696 129 585 -520 664 744 446 -881
506 414 992 351 -6 -87 726 -97 922 -549
434 -226 651 37 -699 117 -855 -268 920 185
160 875 -921 -559 361 346 824 99 546 637
732 -371 -404 270 -482 346 -342 -795 845 -868
-204 47 -362 452 -1 738 166 -599 -554 163
-442 76 46 -953 -800 -779 845 186 -688 569
197 -403 362 -774 -841 833 -895 965 962 18
878 -383 -87 -436 486 842 639 -174 831 -176
907 75 601 -587 -244 115 -242 -447 -700 216
[RUN #69 10 10]
-491 915 715 581 528 399 178 -756 -120 -976
31 172 520 -53 450 -341 690 873 -436 620
-61 -654 -333 647 -332 686 -8 -727 -62 711
191 -88 -389 -605 317 -25 -881 409 -771 177
230 330 -646 -697 -876 900 521 -998 -440 -360
-458 -69 -346 114 -341 106 -131 909 -623 -741
-32 -222 456 -126 -923 525 289 692 -603 690
19 -148 883 -917 327 844 349 -376 -22 389
839 949 608 880 984 285 -304 78 -688 942
-3 547 336 813 834 287 448 820 -881 -762
[RUN #70 10 10]
746 -774 -826 646 892 -771 -103 -217 -982 -788
853 -478 250 -74 -673 645 -628 -270 -592 29
-593 -29 361 511 293 -69 582 32 -970 599
-670 -841 -423 -141 -945 -344 35 780 -792 -628
-293 -34 -756 165 947 422 598 176 -220 530
-254 423 -575 746 698 -776 -151 244 -577 -851
-882 909 -932 638 -970 -753 802 -151 -311 522
391 87 -220 -616 171 -941 -774 325 19 705
328 -490 310 -822 714 523 35 285 -135 -131
123 -23 254 448 -334 684 396 -330 695 -321
[RUN #71 10 10]
641 994 768 61 807 318 -588 -290 -17 -260
-849 733 -579 -504 -535 -543 548 456 731 -26
-565 694 104 -165 -614 405 -768 -332 -55 -297
-446 -55 -408 -88 -554 887 -865 149 780 -117
463 659 -559 980 865 -958 -196 105 -336 624
-880 -737 -618 396 -139 -915 -289 -249 -520 -56
-649 -177 -269 670 744 478 -17 496 522 -528
159 244 -795 150 471 87 612 708 893 421
180 -603 -686 -808 828 -930 -304 -760 489 267
489 -949 53 -488 -283 -764 857 -116 -849 41
[RUN #72 10 10]
-223 806 -450 8 -669 -953 -564 -198 -730 -845
-379 -116 -45 -291 680 953 -400 755 960 -870
-892 -921 -59 -712 875 -269 -26 -383 -16 564
957 363 333 -430 -255 -945 -308 420 295 -295
526 -306 -79 -519 646 111 343 128 520 842
818 -368 -862 939 583 -932 -809 503 144 -332
-939 -626 535 844 818 923 -198 -463 940 -798
-145 322 630 710 29 124 -187 40 112 -656
-374 -322 180 -910 -565 -181 -255 888 257 564
-98 678 -807 -242 -402 -34 675 879 371 736
[RUN #73 10 10]
-154 -284 684 789 956 349 -325 -753 282 931
634 300 739 -722 693 838 -355 215 -286 107
-126 -308 -897 -904 143 345 -530 -49 -389 -589
-82 -309 693 -347 186 181 508 -411 771 305
-548 849 -647 -244 652 -785 -986 466 929 -606
-614 -300 170 -751 549 197 105 924 -555 566
-373 -802 -647 -279 386 261 158 182 -492 927
-625 204 299 514 -527 -237 -772 101 -159 803
796 977 -828 -336 436 -344 -243 -137 735 292
710 996 163 -683 -120 -879 158 -769 256 -510
[RUN #74 10 10]
-875 902 43 541 -708 488 -68 -73 -392 36
-498 651 -86 66 443 -246 123 367 577 357
250 526 -406 -264 656 -545 -622 135 -348 -998
69 495 -499 -282 541 -872 921 679 718 358
254 -186 204 -778 -426 256 -308 203 -240 294
-461 -801 561 568 743 329 -250 -473 85 -510
-186 -992 671 -105 -762 161 -148 -652 -170 969
-571 989 326 814 213 160 -362 700 400 665
683 145 65 -62 -38 -133 27 -906 875 -173
-224 903 -548 330 -793 -478 683 788 -294 -182
[RUN #75 10 10]
68 737 -981 -967 -375 591 424 110 -575 511
-44 -807 -767 -558 439 802 42 -959 980 -468
-678 -274 -961 -735 809 -868 484 403 -352 337
702 864 111 -908 494 341 -513 -490 -476 833
-138 872 471 333 831 -553 -422 594 123 -649
-227 363 97 589 831 289 -397 764 -623 452
503 -822 -270 -761 604 127 322 -287 91 958
-587 -321 960 -394 466 -141 79 -500 155 532
-945 -165 -389 401 456 -201 226 807 -144 -332
-472 740 -688 -438 -207 -873 153 877 151 405
[RUN #76 10 10]
821 -661 -292 697 -832 -245 473 -905 -590 -32
-889 -267 -585 22 20 756 293 440 921 256
-642 -583 -167 859 -488 -532 505 -401 -36 83
-633 267 -553 473 506 -889 505 170 426 -187
-134 -441 536 -102 -619 358 527 416 590 596
303 863 -234 -562 798 182 -674 194 -966 883
-763 -297 -989 694 -583 -15 23 -719 724 944
-140 -833 496 -339 804 -459 -127 -915 289 561
676 -751 -422 -812 -634 719 193 -105 -184 -148
-264 -638 893 89 -445 272 771 814 737 831
[RUN #77 10 10]
576 -38 752 449 -736 -103 582 -428 45 46
233 -985 288 111 -485 -989 -95 -842 721 765
-732 -526 -117 8 648 -280 389 -556 -119 498
-981 510 -956 -154 847 503 797 653 -6 150
561 -663 465 -436 103 -776 327 468 979 802
665 709 631 331 91 480 547 -420 -471 -59
-1000 -393 -17 -701 -255 -918 776 599 780 -472
380 235 603 525 598 -599 -849 507 26 -589
-439 -896 -585 571 327 -504 137 736 -617 523
-147 -240 187 981 633 572 -185 439 -563 -896
[RUN #78 10 10]
-716 -658 39 -301 980 645 -822 821 -307 -274
707 -883 988 706 453 -511 -797 -108 -723 660
-609 -65 363 299 394 641 -89 977 -125 -553
-293 764 -512 636 -750 118 -312 292 -159 918
921 106 -6 -510 -470 877 -167 -376 287 -617
-105 -91 484 -993 763 -2 226 729 0 393
108 -614 -208 934 650 334 755 61 198 818
-457 79 -292 430 948 730 -661 827 70 213
72 469 929 -304 658 987 -486 -958 739 755
-742 -563 -302 708 -938 15 769 -283 445 -470
[RUN #79 10 10]
91 55 -921 -859 -296 866 585 354 -136 135
330 -227 -821 703 420 768 926 -482 572 401
686 272 243 353 -844 248 -949 630 -138 224
-770 390 48 -447 -13 238 -181 962 427 954
-730 269 -37 449 -701 969 -225 -431 -531 -994
792 -146 660 -857 489 -885 -448 795 912 -556
383 231 942 -181 -513 85 8 833 -473 -389
212 41 -354 -523 870 -224 824 -987 -841 187
-922 -341 -988 728 -448 542 -468 336 265 -462
779 -552 644 987 910 890 -236 -919 740 882
[RUN #80 10 10]
-284 914 411 972 -74 -534 794 -704 314 -725
-774 -387 921 -537 456 83 -41 -88 82 439
413 -171 674 -676 874 -430 22 -732 496 -769
-334 -359 957 958 -740 615 -535 -652 -868 444
-907 -520 -263 338 -326 -66 214 -701 363 -240
607 824 -937 -625 214 658 865 -40 -896 -844
-134 -979 -303 -253 -861 -558 -250 542 364 -125
737 -536 243 -213 -858 85 -175 -336 -335 -186
71 821 -543 629 -934 578 -62 428 -620 998
-78 -417 231 -920 -641 -683 -604 -296 371 -917
[RUN #81 10 10]
465 -826 395 -129 401 389 -437 -160 23 488
-378 -849 -924 -687 105 150 304 -892 -963 -516
195 514 -742 -407 658 184 -815 896 -648 -595
345 303 -701 -136 637 -432 -740 -324 -480 357
751 -580 980 -696 619 377 -795 974 -824 -326
416 -368 403 510 -509 -376 -355 354 -185 -520
868 -353 -695 847 713 454 -279 799 -980 490
-987 -73 -371 -445 -335 -610 682 -380 -441 -2
-737 -706 877 -360 679 795 397 897 -44 363
47 -984 -556 -81 139 -619 -688 -107 504 -159
[RUN #82 10 10]
489 -52 -351 421 757 -56 -402 -289 834 833
-120 297 180 78 796 240 80 8 -990 -955
-795 294 -480 -191 878 -20 44 -728 -339 857
486 342 -926 -244 -81 365 763 491 -616 -863
435 393 -534 248 -418 -609 -691 -588 -824 -366
-183 314 578 440 -226 -692 88 602 803 -570
-549 642 -80 739 -73 193 -461 -308 -283 634
-907 894 -926 472 -196 -198 -602 465 -225 659
860 141 277 110 -299 845 -621 829 447 -397
975 228 343 -391 -661 -726 -552 -255 -954 -257
[RUN #83 10 10]
324 -721 910 647 673 -517 42 794 -482 -792
704 -905 504 -993 -332 -538 810 -79 535 -887
-570 939 542 140 -182 -2 -667 836 906 -206
603 573 598 -491 506 -562 391 736 -892 757
305 397 -280 201 -37 656 -749 139 78 221
583 536 714 -411 644 821 552 710 502 -774
-336 484 -643 -601 -138 30 349 -470 -70 -182
603 -291 -993 -289 193 -343 638 19 929 600
-992 -77 955 -162 823 296 -17 -612 636 762
-211 680 -603 983 331 904 -822 220 55 787
[RUN #84 10 10]
-543 -593 653 703 651 867 -416 -473 801 884
124 709 -51 -856 984 443 854 -628 -947 539
-47 -193 -493 262 939 430 -446 -348 706 187
-444 -273 -286 399 687 326 -105 -576 -336 657
-980 769 -787 -541 81 -744 237 867 823 752
-719 -631 -415 462 -38 -870 -308 457 -358 888
-150 412 860 221 482 -159 905 -810 -596 283
-258 182 489 -794 -705 492 406 -95 250 188
-731 -146 51 -974 820 657 -760 409 934 736
671 -111 144 -394 -54 375 -622 600 887 828
